2022-08-30 22:59:06,402 [Worker-3: Loading available Gradle versions] INFO  o.e.b.c.i.u.g.PublishedGradleVersions - Gradle version information cache is up-to-date. Trying to read.
2022-08-30 22:59:46,867 [Worker-1: Loading available Gradle versions] INFO  o.e.b.c.i.u.g.PublishedGradleVersions - Gradle version information cache is up-to-date. Trying to read.
2022-08-30 23:01:04,990 [Worker-10: Importing Maven projects] INFO  o.e.m.c.i.l.LifecycleMappingFactory - Using org.eclipse.m2e.jdt.JarLifecycleMapping lifecycle mapping for MavenProject: ar.edu.unlp.oo1:ejercicio1-wallpost:1.0.0 @ C:\Users\diiego\OneDrive\Documentos\Facultad\OO1_2022\ejercicio1\ejercicio1-wallpost\pom.xml.
2022-08-30 23:01:06,153 [Worker-10: Importing Maven projects] INFO  o.e.m.j.i.AbstractJavaProjectConfigurator - Adding source folder /ejercicio1-wallpost/src/main/java
2022-08-30 23:01:06,169 [Worker-10: Importing Maven projects] INFO  o.e.m.j.i.AbstractJavaProjectConfigurator - Adding source folder /ejercicio1-wallpost/src/test/java
2022-08-30 23:01:07,823 [Worker-10: Importing Maven projects] INFO  o.e.m.c.i.p.ProjectConfigurationManager - Imported and configured 1 project(s) in 8 sec
2022-08-30 23:01:09,710 [Worker-9: Building] INFO  o.e.m.c.i.embedder.EclipseLogger - Using 'UTF-8' encoding to copy filtered resources.
2022-08-30 23:01:09,711 [Worker-9: Building] INFO  o.e.m.c.i.embedder.EclipseLogger - skip non existing resourceDirectory C:\Users\diiego\OneDrive\Documentos\Facultad\OO1_2022\ejercicio1\ejercicio1-wallpost\src\main\resources
2022-08-30 23:01:09,715 [Worker-9: Building] INFO  o.e.m.c.i.embedder.EclipseLogger - Using 'UTF-8' encoding to copy filtered resources.
2022-08-30 23:01:09,715 [Worker-9: Building] INFO  o.e.m.c.i.embedder.EclipseLogger - skip non existing resourceDirectory C:\Users\diiego\OneDrive\Documentos\Facultad\OO1_2022\ejercicio1\ejercicio1-wallpost\src\test\resources
2022-08-30 23:01:16,350 [Worker-0: Building] INFO  o.e.m.c.i.embedder.EclipseLogger - Using 'UTF-8' encoding to copy filtered resources.
2022-08-30 23:01:16,351 [Worker-0: Building] INFO  o.e.m.c.i.embedder.EclipseLogger - skip non existing resourceDirectory C:\Users\diiego\OneDrive\Documentos\Facultad\OO1_2022\ejercicio1\ejercicio1-wallpost\src\main\resources
2022-08-30 23:01:16,355 [Worker-0: Building] INFO  o.e.m.c.i.embedder.EclipseLogger - Using 'UTF-8' encoding to copy filtered resources.
2022-08-30 23:01:16,355 [Worker-0: Building] INFO  o.e.m.c.i.embedder.EclipseLogger - skip non existing resourceDirectory C:\Users\diiego\OneDrive\Documentos\Facultad\OO1_2022\ejercicio1\ejercicio1-wallpost\src\test\resources
2022-08-30 23:03:21,521 [Worker-4: Building] INFO  o.e.m.c.i.embedder.EclipseLogger - Using 'UTF-8' encoding to copy filtered resources.
2022-08-30 23:03:21,521 [Worker-4: Building] INFO  o.e.m.c.i.embedder.EclipseLogger - skip non existing resourceDirectory C:\Users\diiego\OneDrive\Documentos\Facultad\OO1_2022\ejercicio1\ejercicio1-wallpost\src\main\resources
2022-08-30 23:03:21,524 [Worker-4: Building] INFO  o.e.m.c.i.embedder.EclipseLogger - Using 'UTF-8' encoding to copy filtered resources.
2022-08-30 23:03:21,524 [Worker-4: Building] INFO  o.e.m.c.i.embedder.EclipseLogger - skip non existing resourceDirectory C:\Users\diiego\OneDrive\Documentos\Facultad\OO1_2022\ejercicio1\ejercicio1-wallpost\src\test\resources
2022-08-30 23:08:27,894 [ModalContext] INFO  o.e.m.c.i.e.AbstractTransferListenerAdapter - Downloading https://github.com/edu-unlp-info-objetos/oo1/blob/main/objetos-uno-archetype/objetos-uno-archetype-1.0.0.jar?raw=true/ar/edu/unlp/info/oo1/objetos-uno/1.0.0/objetos-uno-1.0.0.pom
2022-08-30 23:08:28,514 [ModalContext] INFO  o.e.m.c.i.e.AbstractTransferListenerAdapter - Downloaded https://github.com/edu-unlp-info-objetos/oo1/blob/main/objetos-uno-archetype/objetos-uno-archetype-1.0.0.jar?raw=true/ar/edu/unlp/info/oo1/objetos-uno/1.0.0/objetos-uno-1.0.0.pom
2022-08-30 23:08:29,070 [ModalContext] INFO  o.e.m.c.i.e.AbstractTransferListenerAdapter - Downloading https://github.com/edu-unlp-info-objetos/oo1/blob/main/objetos-uno-archetype/objetos-uno-archetype-1.0.0.jar?raw=true/ar/edu/unlp/info/oo1/objetos-uno/1.0.0/objetos-uno-1.0.0.jar
2022-08-30 23:08:29,380 [ModalContext] INFO  o.e.m.c.i.e.AbstractTransferListenerAdapter - Downloaded https://github.com/edu-unlp-info-objetos/oo1/blob/main/objetos-uno-archetype/objetos-uno-archetype-1.0.0.jar?raw=true/ar/edu/unlp/info/oo1/objetos-uno/1.0.0/objetos-uno-1.0.0.jar
2022-08-30 23:10:26,838 [Worker-13: Creating objetos-uno] INFO  o.e.m.c.i.p.ProjectConfigurationManager - Collecting project info '/pom.xml' C:\Users\diiego\OneDrive\Documentos\Facultad\OO1_2022\objetos-uno\pom.xml
2022-08-30 23:10:27,188 [Worker-13: Creating objetos-uno] INFO  o.e.m.c.i.l.LifecycleMappingFactory - Using org.eclipse.m2e.jdt.JarLifecycleMapping lifecycle mapping for MavenProject: ar.edu.unlp.info.oo1:objetos-uno:0.0.1-SNAPSHOT @ C:\Users\diiego\OneDrive\Documentos\Facultad\OO1_2022\objetos-uno\pom.xml.
2022-08-30 23:10:27,278 [Worker-13: Creating objetos-uno] INFO  o.e.m.j.i.AbstractJavaProjectConfigurator - Adding source folder /objetos-uno/src/main/java
2022-08-30 23:10:27,297 [Worker-13: Creating objetos-uno] INFO  o.e.m.j.i.AbstractJavaProjectConfigurator - Adding source folder /objetos-uno/src/test/java
2022-08-30 23:10:27,358 [Worker-13: Creating objetos-uno] INFO  o.e.m.c.i.p.ProjectConfigurationManager - Imported and configured 1 project(s) in 0 sec
2022-08-30 23:10:27,901 [Worker-4: Building] INFO  o.e.m.c.i.embedder.EclipseLogger - Using 'UTF-8' encoding to copy filtered resources.
2022-08-30 23:10:27,901 [Worker-4: Building] INFO  o.e.m.c.i.embedder.EclipseLogger - skip non existing resourceDirectory C:\Users\diiego\OneDrive\Documentos\Facultad\OO1_2022\objetos-uno\src\main\resources
2022-08-30 23:10:27,909 [Worker-4: Building] INFO  o.e.m.c.i.embedder.EclipseLogger - Using 'UTF-8' encoding to copy filtered resources.
2022-08-30 23:10:27,909 [Worker-4: Building] INFO  o.e.m.c.i.embedder.EclipseLogger - skip non existing resourceDirectory C:\Users\diiego\OneDrive\Documentos\Facultad\OO1_2022\objetos-uno\src\test\resources
2022-08-30 23:10:53,317 [Worker-4: Building] INFO  o.e.m.c.i.l.LifecycleMappingFactory - Using org.eclipse.m2e.jdt.JarLifecycleMapping lifecycle mapping for MavenProject: ar.edu.unlp.info.oo1:objetos-uno:0.0.1-SNAPSHOT @ C:\Users\diiego\OneDrive\Documentos\Facultad\OO1_2022\ejercicio_2\pom.xml.
2022-08-30 23:10:53,396 [Worker-4: Building] INFO  o.e.m.c.i.embedder.EclipseLogger - Using 'UTF-8' encoding to copy filtered resources.
2022-08-30 23:10:53,397 [Worker-4: Building] INFO  o.e.m.c.i.embedder.EclipseLogger - skip non existing resourceDirectory C:\Users\diiego\OneDrive\Documentos\Facultad\OO1_2022\ejercicio_2\src\main\resources
2022-08-30 23:10:53,402 [Worker-4: Building] INFO  o.e.m.c.i.embedder.EclipseLogger - Using 'UTF-8' encoding to copy filtered resources.
2022-08-30 23:10:53,404 [Worker-4: Building] INFO  o.e.m.c.i.embedder.EclipseLogger - skip non existing resourceDirectory C:\Users\diiego\OneDrive\Documentos\Facultad\OO1_2022\ejercicio_2\src\test\resources
2022-08-30 23:10:54,567 [Worker-13: Building] INFO  o.e.m.c.i.embedder.EclipseLogger - Using 'UTF-8' encoding to copy filtered resources.
2022-08-30 23:10:54,567 [Worker-13: Building] INFO  o.e.m.c.i.embedder.EclipseLogger - skip non existing resourceDirectory C:\Users\diiego\OneDrive\Documentos\Facultad\OO1_2022\ejercicio_2\src\main\resources
2022-08-30 23:10:54,569 [Worker-13: Building] INFO  o.e.m.c.i.embedder.EclipseLogger - Using 'UTF-8' encoding to copy filtered resources.
2022-08-30 23:10:54,570 [Worker-13: Building] INFO  o.e.m.c.i.embedder.EclipseLogger - skip non existing resourceDirectory C:\Users\diiego\OneDrive\Documentos\Facultad\OO1_2022\ejercicio_2\src\test\resources
2022-08-30 23:11:52,259 [Worker-4: Building] INFO  o.e.m.c.i.embedder.EclipseLogger - Using 'UTF-8' encoding to copy filtered resources.
2022-08-30 23:11:52,260 [Worker-4: Building] INFO  o.e.m.c.i.embedder.EclipseLogger - skip non existing resourceDirectory C:\Users\diiego\OneDrive\Documentos\Facultad\OO1_2022\ejercicio_2\src\main\resources
2022-08-30 23:11:52,262 [Worker-4: Building] INFO  o.e.m.c.i.embedder.EclipseLogger - Using 'UTF-8' encoding to copy filtered resources.
2022-08-30 23:11:52,262 [Worker-4: Building] INFO  o.e.m.c.i.embedder.EclipseLogger - skip non existing resourceDirectory C:\Users\diiego\OneDrive\Documentos\Facultad\OO1_2022\ejercicio_2\src\test\resources
2022-08-30 23:12:01,262 [Worker-13: Building] INFO  o.e.m.c.i.embedder.EclipseLogger - Using 'UTF-8' encoding to copy filtered resources.
2022-08-30 23:12:01,263 [Worker-13: Building] INFO  o.e.m.c.i.embedder.EclipseLogger - skip non existing resourceDirectory C:\Users\diiego\OneDrive\Documentos\Facultad\OO1_2022\ejercicio_2\src\main\resources
2022-08-30 23:12:01,267 [Worker-13: Building] INFO  o.e.m.c.i.embedder.EclipseLogger - Using 'UTF-8' encoding to copy filtered resources.
2022-08-30 23:12:01,267 [Worker-13: Building] INFO  o.e.m.c.i.embedder.EclipseLogger - skip non existing resourceDirectory C:\Users\diiego\OneDrive\Documentos\Facultad\OO1_2022\ejercicio_2\src\test\resources
2022-08-30 23:12:12,308 [Worker-4: Building] INFO  o.e.m.c.i.embedder.EclipseLogger - Using 'UTF-8' encoding to copy filtered resources.
2022-08-30 23:12:12,308 [Worker-4: Building] INFO  o.e.m.c.i.embedder.EclipseLogger - skip non existing resourceDirectory C:\Users\diiego\OneDrive\Documentos\Facultad\OO1_2022\ejercicio_2\src\main\resources
2022-08-30 23:12:12,310 [Worker-4: Building] INFO  o.e.m.c.i.embedder.EclipseLogger - Using 'UTF-8' encoding to copy filtered resources.
2022-08-30 23:12:12,310 [Worker-4: Building] INFO  o.e.m.c.i.embedder.EclipseLogger - skip non existing resourceDirectory C:\Users\diiego\OneDrive\Documentos\Facultad\OO1_2022\ejercicio_2\src\test\resources
2022-08-30 23:12:14,393 [Worker-4: Building] INFO  o.e.m.c.i.embedder.EclipseLogger - Using 'UTF-8' encoding to copy filtered resources.
2022-08-30 23:12:14,394 [Worker-4: Building] INFO  o.e.m.c.i.embedder.EclipseLogger - skip non existing resourceDirectory C:\Users\diiego\OneDrive\Documentos\Facultad\OO1_2022\ejercicio_2\src\main\resources
2022-08-30 23:12:14,396 [Worker-4: Building] INFO  o.e.m.c.i.embedder.EclipseLogger - Using 'UTF-8' encoding to copy filtered resources.
2022-08-30 23:12:14,396 [Worker-4: Building] INFO  o.e.m.c.i.embedder.EclipseLogger - skip non existing resourceDirectory C:\Users\diiego\OneDrive\Documentos\Facultad\OO1_2022\ejercicio_2\src\test\resources
2022-08-30 23:12:41,102 [Worker-14: Building] INFO  o.e.m.c.i.embedder.EclipseLogger - Using 'UTF-8' encoding to copy filtered resources.
2022-08-30 23:12:41,102 [Worker-14: Building] INFO  o.e.m.c.i.embedder.EclipseLogger - skip non existing resourceDirectory C:\Users\diiego\OneDrive\Documentos\Facultad\OO1_2022\ejercicio_2\src\main\resources
2022-08-30 23:12:41,104 [Worker-14: Building] INFO  o.e.m.c.i.embedder.EclipseLogger - Using 'UTF-8' encoding to copy filtered resources.
2022-08-30 23:12:41,104 [Worker-14: Building] INFO  o.e.m.c.i.embedder.EclipseLogger - skip non existing resourceDirectory C:\Users\diiego\OneDrive\Documentos\Facultad\OO1_2022\ejercicio_2\src\test\resources
2022-08-31 01:02:28,099 [Worker-32: Launching java] INFO  o.e.m.c.i.embedder.EclipseLogger - Using 'UTF-8' encoding to copy filtered resources.
2022-08-31 01:02:28,099 [Worker-32: Launching java] INFO  o.e.m.c.i.embedder.EclipseLogger - skip non existing resourceDirectory C:\Users\diiego\OneDrive\Documentos\Facultad\OO1_2022\ejercicio1\ejercicio1-wallpost\src\main\resources
2022-08-31 01:02:28,101 [Worker-32: Launching java] INFO  o.e.m.c.i.embedder.EclipseLogger - Using 'UTF-8' encoding to copy filtered resources.
2022-08-31 01:02:28,101 [Worker-32: Launching java] INFO  o.e.m.c.i.embedder.EclipseLogger - skip non existing resourceDirectory C:\Users\diiego\OneDrive\Documentos\Facultad\OO1_2022\ejercicio1\ejercicio1-wallpost\src\test\resources
2022-08-31 01:07:31,353 [Worker-27: Building] INFO  o.e.m.c.i.embedder.EclipseLogger - Using 'UTF-8' encoding to copy filtered resources.
2022-08-31 01:07:31,354 [Worker-27: Building] INFO  o.e.m.c.i.embedder.EclipseLogger - skip non existing resourceDirectory C:\Users\diiego\OneDrive\Documentos\Facultad\OO1_2022\ejercicio1\ejercicio1-wallpost\src\main\resources
2022-08-31 01:07:31,356 [Worker-27: Building] INFO  o.e.m.c.i.embedder.EclipseLogger - Using 'UTF-8' encoding to copy filtered resources.
2022-08-31 01:07:31,356 [Worker-27: Building] INFO  o.e.m.c.i.embedder.EclipseLogger - skip non existing resourceDirectory C:\Users\diiego\OneDrive\Documentos\Facultad\OO1_2022\ejercicio1\ejercicio1-wallpost\src\test\resources
2022-08-31 01:08:22,373 [Worker-30: Building] INFO  o.e.m.c.i.embedder.EclipseLogger - Using 'UTF-8' encoding to copy filtered resources.
2022-08-31 01:08:22,373 [Worker-30: Building] INFO  o.e.m.c.i.embedder.EclipseLogger - skip non existing resourceDirectory C:\Users\diiego\OneDrive\Documentos\Facultad\OO1_2022\ejercicio1\ejercicio1-wallpost\src\main\resources
2022-08-31 01:08:22,376 [Worker-30: Building] INFO  o.e.m.c.i.embedder.EclipseLogger - Using 'UTF-8' encoding to copy filtered resources.
2022-08-31 01:08:22,377 [Worker-30: Building] INFO  o.e.m.c.i.embedder.EclipseLogger - skip non existing resourceDirectory C:\Users\diiego\OneDrive\Documentos\Facultad\OO1_2022\ejercicio1\ejercicio1-wallpost\src\test\resources
2022-08-31 01:13:02,766 [Worker-34: Building] INFO  o.e.m.c.i.embedder.EclipseLogger - Using 'UTF-8' encoding to copy filtered resources.
2022-08-31 01:13:02,767 [Worker-34: Building] INFO  o.e.m.c.i.embedder.EclipseLogger - skip non existing resourceDirectory C:\Users\diiego\OneDrive\Documentos\Facultad\OO1_2022\ejercicio_2\src\main\resources
2022-08-31 01:13:02,773 [Worker-34: Building] INFO  o.e.m.c.i.embedder.EclipseLogger - Using 'UTF-8' encoding to copy filtered resources.
2022-08-31 01:13:02,773 [Worker-34: Building] INFO  o.e.m.c.i.embedder.EclipseLogger - skip non existing resourceDirectory C:\Users\diiego\OneDrive\Documentos\Facultad\OO1_2022\ejercicio_2\src\test\resources
2022-08-31 01:19:33,124 [Worker-35: Building] INFO  o.e.m.c.i.embedder.EclipseLogger - Using 'UTF-8' encoding to copy filtered resources.
2022-08-31 01:19:33,124 [Worker-35: Building] INFO  o.e.m.c.i.embedder.EclipseLogger - skip non existing resourceDirectory C:\Users\diiego\OneDrive\Documentos\Facultad\OO1_2022\ejercicio_2\src\main\resources
2022-08-31 01:19:33,126 [Worker-35: Building] INFO  o.e.m.c.i.embedder.EclipseLogger - Using 'UTF-8' encoding to copy filtered resources.
2022-08-31 01:19:33,127 [Worker-35: Building] INFO  o.e.m.c.i.embedder.EclipseLogger - skip non existing resourceDirectory C:\Users\diiego\OneDrive\Documentos\Facultad\OO1_2022\ejercicio_2\src\test\resources
2022-08-31 01:28:30,248 [Worker-39: Building] INFO  o.e.m.c.i.embedder.EclipseLogger - Using 'UTF-8' encoding to copy filtered resources.
2022-08-31 01:28:30,249 [Worker-39: Building] INFO  o.e.m.c.i.embedder.EclipseLogger - skip non existing resourceDirectory C:\Users\diiego\OneDrive\Documentos\Facultad\OO1_2022\ejercicio_2\src\main\resources
2022-08-31 01:28:30,251 [Worker-39: Building] INFO  o.e.m.c.i.embedder.EclipseLogger - Using 'UTF-8' encoding to copy filtered resources.
2022-08-31 01:28:30,251 [Worker-39: Building] INFO  o.e.m.c.i.embedder.EclipseLogger - skip non existing resourceDirectory C:\Users\diiego\OneDrive\Documentos\Facultad\OO1_2022\ejercicio_2\src\test\resources
2022-08-31 01:30:38,130 [Worker-40: Building] INFO  o.e.m.c.i.embedder.EclipseLogger - Using 'UTF-8' encoding to copy filtered resources.
2022-08-31 01:30:38,130 [Worker-40: Building] INFO  o.e.m.c.i.embedder.EclipseLogger - skip non existing resourceDirectory C:\Users\diiego\OneDrive\Documentos\Facultad\OO1_2022\ejercicio_2\src\main\resources
2022-08-31 01:30:38,132 [Worker-40: Building] INFO  o.e.m.c.i.embedder.EclipseLogger - Using 'UTF-8' encoding to copy filtered resources.
2022-08-31 01:30:38,132 [Worker-40: Building] INFO  o.e.m.c.i.embedder.EclipseLogger - skip non existing resourceDirectory C:\Users\diiego\OneDrive\Documentos\Facultad\OO1_2022\ejercicio_2\src\test\resources
2022-08-31 01:32:00,622 [Worker-39: Building] INFO  o.e.m.c.i.embedder.EclipseLogger - Using 'UTF-8' encoding to copy filtered resources.
2022-08-31 01:32:00,622 [Worker-39: Building] INFO  o.e.m.c.i.embedder.EclipseLogger - skip non existing resourceDirectory C:\Users\diiego\OneDrive\Documentos\Facultad\OO1_2022\ejercicio_2\src\main\resources
2022-08-31 01:32:00,627 [Worker-39: Building] INFO  o.e.m.c.i.embedder.EclipseLogger - Using 'UTF-8' encoding to copy filtered resources.
2022-08-31 01:32:00,627 [Worker-39: Building] INFO  o.e.m.c.i.embedder.EclipseLogger - skip non existing resourceDirectory C:\Users\diiego\OneDrive\Documentos\Facultad\OO1_2022\ejercicio_2\src\test\resources
2022-08-31 01:37:48,060 [Worker-40: Building] INFO  o.e.m.c.i.embedder.EclipseLogger - Using 'UTF-8' encoding to copy filtered resources.
2022-08-31 01:37:48,061 [Worker-40: Building] INFO  o.e.m.c.i.embedder.EclipseLogger - skip non existing resourceDirectory C:\Users\diiego\OneDrive\Documentos\Facultad\OO1_2022\ejercicio_2\src\main\resources
2022-08-31 01:37:48,062 [Worker-40: Building] INFO  o.e.m.c.i.embedder.EclipseLogger - Using 'UTF-8' encoding to copy filtered resources.
2022-08-31 01:37:48,062 [Worker-40: Building] INFO  o.e.m.c.i.embedder.EclipseLogger - skip non existing resourceDirectory C:\Users\diiego\OneDrive\Documentos\Facultad\OO1_2022\ejercicio_2\src\test\resources
2022-08-31 01:38:43,317 [Worker-42: Building] INFO  o.e.m.c.i.embedder.EclipseLogger - Using 'UTF-8' encoding to copy filtered resources.
2022-08-31 01:38:43,318 [Worker-42: Building] INFO  o.e.m.c.i.embedder.EclipseLogger - skip non existing resourceDirectory C:\Users\diiego\OneDrive\Documentos\Facultad\OO1_2022\ejercicio_2\src\main\resources
2022-08-31 01:38:43,320 [Worker-42: Building] INFO  o.e.m.c.i.embedder.EclipseLogger - Using 'UTF-8' encoding to copy filtered resources.
2022-08-31 01:38:43,320 [Worker-42: Building] INFO  o.e.m.c.i.embedder.EclipseLogger - skip non existing resourceDirectory C:\Users\diiego\OneDrive\Documentos\Facultad\OO1_2022\ejercicio_2\src\test\resources
2022-08-31 01:42:20,899 [Worker-42: Building] INFO  o.e.m.c.i.embedder.EclipseLogger - Using 'UTF-8' encoding to copy filtered resources.
2022-08-31 01:42:20,899 [Worker-42: Building] INFO  o.e.m.c.i.embedder.EclipseLogger - skip non existing resourceDirectory C:\Users\diiego\OneDrive\Documentos\Facultad\OO1_2022\ejercicio_2\src\main\resources
2022-08-31 01:42:20,901 [Worker-42: Building] INFO  o.e.m.c.i.embedder.EclipseLogger - Using 'UTF-8' encoding to copy filtered resources.
2022-08-31 01:42:20,901 [Worker-42: Building] INFO  o.e.m.c.i.embedder.EclipseLogger - skip non existing resourceDirectory C:\Users\diiego\OneDrive\Documentos\Facultad\OO1_2022\ejercicio_2\src\test\resources
2022-08-31 01:43:23,479 [Worker-43: Building] INFO  o.e.m.c.i.embedder.EclipseLogger - Using 'UTF-8' encoding to copy filtered resources.
2022-08-31 01:43:23,480 [Worker-43: Building] INFO  o.e.m.c.i.embedder.EclipseLogger - skip non existing resourceDirectory C:\Users\diiego\OneDrive\Documentos\Facultad\OO1_2022\ejercicio_2\src\main\resources
2022-08-31 01:43:23,482 [Worker-43: Building] INFO  o.e.m.c.i.embedder.EclipseLogger - Using 'UTF-8' encoding to copy filtered resources.
2022-08-31 01:43:23,482 [Worker-43: Building] INFO  o.e.m.c.i.embedder.EclipseLogger - skip non existing resourceDirectory C:\Users\diiego\OneDrive\Documentos\Facultad\OO1_2022\ejercicio_2\src\test\resources
2022-08-31 01:43:53,812 [Worker-43: Building] INFO  o.e.m.c.i.embedder.EclipseLogger - Using 'UTF-8' encoding to copy filtered resources.
2022-08-31 01:43:53,812 [Worker-43: Building] INFO  o.e.m.c.i.embedder.EclipseLogger - skip non existing resourceDirectory C:\Users\diiego\OneDrive\Documentos\Facultad\OO1_2022\ejercicio_2\src\main\resources
2022-08-31 01:43:53,814 [Worker-43: Building] INFO  o.e.m.c.i.embedder.EclipseLogger - Using 'UTF-8' encoding to copy filtered resources.
2022-08-31 01:43:53,814 [Worker-43: Building] INFO  o.e.m.c.i.embedder.EclipseLogger - skip non existing resourceDirectory C:\Users\diiego\OneDrive\Documentos\Facultad\OO1_2022\ejercicio_2\src\test\resources
2022-08-31 01:44:54,439 [Worker-43: Building] INFO  o.e.m.c.i.embedder.EclipseLogger - Using 'UTF-8' encoding to copy filtered resources.
2022-08-31 01:44:54,439 [Worker-43: Building] INFO  o.e.m.c.i.embedder.EclipseLogger - skip non existing resourceDirectory C:\Users\diiego\OneDrive\Documentos\Facultad\OO1_2022\ejercicio_2\src\main\resources
2022-08-31 01:44:54,441 [Worker-43: Building] INFO  o.e.m.c.i.embedder.EclipseLogger - Using 'UTF-8' encoding to copy filtered resources.
2022-08-31 01:44:54,441 [Worker-43: Building] INFO  o.e.m.c.i.embedder.EclipseLogger - skip non existing resourceDirectory C:\Users\diiego\OneDrive\Documentos\Facultad\OO1_2022\ejercicio_2\src\test\resources
2022-08-31 01:48:12,815 [Worker-46: Building] INFO  o.e.m.c.i.embedder.EclipseLogger - Using 'UTF-8' encoding to copy filtered resources.
2022-08-31 01:48:12,816 [Worker-46: Building] INFO  o.e.m.c.i.embedder.EclipseLogger - skip non existing resourceDirectory C:\Users\diiego\OneDrive\Documentos\Facultad\OO1_2022\ejercicio_2\src\main\resources
2022-08-31 01:48:12,817 [Worker-46: Building] INFO  o.e.m.c.i.embedder.EclipseLogger - Using 'UTF-8' encoding to copy filtered resources.
2022-08-31 01:48:12,818 [Worker-46: Building] INFO  o.e.m.c.i.embedder.EclipseLogger - skip non existing resourceDirectory C:\Users\diiego\OneDrive\Documentos\Facultad\OO1_2022\ejercicio_2\src\test\resources
2022-08-31 01:48:34,724 [Worker-44: Building] INFO  o.e.m.c.i.embedder.EclipseLogger - Using 'UTF-8' encoding to copy filtered resources.
2022-08-31 01:48:34,724 [Worker-44: Building] INFO  o.e.m.c.i.embedder.EclipseLogger - skip non existing resourceDirectory C:\Users\diiego\OneDrive\Documentos\Facultad\OO1_2022\ejercicio_2\src\main\resources
2022-08-31 01:48:34,727 [Worker-44: Building] INFO  o.e.m.c.i.embedder.EclipseLogger - Using 'UTF-8' encoding to copy filtered resources.
2022-08-31 01:48:34,727 [Worker-44: Building] INFO  o.e.m.c.i.embedder.EclipseLogger - skip non existing resourceDirectory C:\Users\diiego\OneDrive\Documentos\Facultad\OO1_2022\ejercicio_2\src\test\resources
